[2023-08-09 22:25:06] [ ERROR] [OdontologoDaoH2:80] Table "ODONTOLOGOS" not found (this database is empty); SQL statement:
SELECT * FROM ODONTOLOGOS [42104-220]
[2023-08-09 22:25:06] [ ERROR] [OdontologoDaoH2:42] Table "ODONTOLOGOS" not found (this database is empty); SQL statement:
INSERT INTO ODONTOLOGOS (NUMEROMATRICULA,NOMBRE,APELLIDO) VALUES(?,?,?,) [42104-220]
[2023-08-09 22:27:34] [ ERROR] [OdontologoDaoH2:80] Table "ODONTOLOGOS" not found (this database is empty); SQL statement:
SELECT * FROM ODONTOLOGOS [42104-220]
[2023-08-09 22:27:35] [ ERROR] [OdontologoDaoH2:42] Table "ODONTOLOGOS" not found (this database is empty); SQL statement:
INSERT INTO ODONTOLOGOS (NUMEROMATRICULA,NOMBRE,APELLIDO) VALUES(?,?,?,) [42104-220]
[2023-08-09 22:32:27] [ ERROR] [OdontologoDaoH2:80] Table "ODONTOLOGOS" not found (this database is empty); SQL statement:
SELECT * FROM ODONTOLOGOS [42104-220]
[2023-08-09 22:32:27] [ ERROR] [OdontologoDaoH2:42] Table "ODONTOLOGOS" not found (this database is empty); SQL statement:
INSERT INTO ODONTOLOGOS (NUMEROMATRICULA,NOMBRE,APELLIDO) VALUES(?,?,?,) [42104-220]
[2023-08-09 22:34:18] [ ERROR] [OdontologoDaoH2:80] Table "ODONTOLOGOS" not found (this database is empty); SQL statement:
SELECT * FROM ODONTOLOGOS [42104-220]
[2023-08-09 22:34:19] [ ERROR] [OdontologoDaoH2:42] Table "ODONTOLOGOS" not found (this database is empty); SQL statement:
INSERT INTO ODONTOLOGOS (NUMEROMATRICULA,NOMBRE,APELLIDO) VALUES(?,?,?,) [42104-220]
[2023-08-09 22:41:56] [ ERROR] [OdontologoDaoH2:80] Table "ODONTOLOGOS" not found (this database is empty); SQL statement:
SELECT * FROM ODONTOLOGOS [42104-220]
[2023-08-09 22:41:57] [ ERROR] [OdontologoDaoH2:42] Table "ODONTOLOGOS" not found (this database is empty); SQL statement:
INSERT INTO ODONTOLOGOS (NUMEROMATRICULA,NOMBRE,APELLIDO) VALUES(?,?,?,) [42104-220]
[2023-08-09 22:50:20] [ ERROR] [OdontologoDaoH2:80] Table "ODONTOLOGOS" not found (this database is empty); SQL statement:
SELECT * FROM ODONTOLOGOS [42104-220]
[2023-08-09 22:50:20] [ ERROR] [OdontologoDaoH2:42] Table "ODONTOLOGOS" not found (this database is empty); SQL statement:
INSERT INTO ODONTOLOGOS (NUMEROMATRICULA,NOMBRE,APELLIDO) VALUES(?,?,?,) [42104-220]
[2023-08-09 23:25:35] [ INFO ] [OdontologoDaoH2:78] Listado de todos los odontologos: [Odontologo{id=1, numeroMatricula=12545, nombre='julieth', apellido='vera'}, Odontologo{id=2, numeroMatricula=98654, nombre='romulo', apellido='bustillo'}, Odontologo{id=3, numeroMatricula=164796, nombre='juan', apellido='perez'}]
[2023-08-09 23:25:36] [ ERROR] [OdontologoDaoH2:42] Error de Sintaxis en sentencia SQL "INSERT INTO ODONTOLOGOS (NUMEROMATRICULA,NOMBRE,APELLIDO) VALUES(?,?,?,[*])"; se esperaba "DEFAULT, INTERSECTS (, NOT, EXISTS, UNIQUE, INTERSECTS"
Syntax error in SQL statement "INSERT INTO ODONTOLOGOS (NUMEROMATRICULA,NOMBRE,APELLIDO) VALUES(?,?,?,[*])"; expected "DEFAULT, INTERSECTS (, NOT, EXISTS, UNIQUE, INTERSECTS"; SQL statement:
INSERT INTO ODONTOLOGOS (NUMEROMATRICULA,NOMBRE,APELLIDO) VALUES(?,?,?,) [42001-220]
[2023-08-09 23:26:59] [ INFO ] [OdontologoDaoH2:78] Listado de todos los odontologos: [Odontologo{id=1, numeroMatricula=12545, nombre='julieth', apellido='vera'}, Odontologo{id=2, numeroMatricula=98654, nombre='romulo', apellido='bustillo'}, Odontologo{id=3, numeroMatricula=164796, nombre='juan', apellido='perez'}]
[2023-08-09 23:27:00] [ INFO ] [OdontologoDaoH2:38] Odontologo guardado: Odontologo{id=4, numeroMatricula=65971, nombre='Carlos', apellido='Bayet'}
